2019-05-04 00:04:26,621 ERROR 12400 [-/127.0.0.1/-/4ms GET /getWeibo?title=12323] nodejs.TypeError: Cannot read property 'query' of undefined
    at getWeibo.outputWeibo (D:\document\desktop\随身的笔记本\myegg\myegg\app\service\getWeibo.js:43:35)
    at getWeibo.init (D:\document\desktop\随身的笔记本\myegg\myegg\app\service\getWeibo.js:49:27)
    at getWeibo.index (D:\document\desktop\随身的笔记本\myegg\myegg\app\controller\getWeibo.js:8:54)
    at Object.callFn (D:\document\desktop\随身的笔记本\myegg\myegg\node_modules\_egg-core@4.17.0@egg-core\lib\utils\index.js:44:21)
    at Object.classControllerMiddleware (D:\document\desktop\随身的笔记本\myegg\myegg\node_modules\_egg-core@4.17.0@egg-core\lib\loader\mixin\controller.js:87:20)
    at Object.callFn (D:\document\desktop\随身的笔记本\myegg\myegg\node_modules\_@eggjs_router@2.0.0@@eggjs\router\lib\utils.js:12:21)
    at wrappedController (D:\document\desktop\随身的笔记本\myegg\myegg\node_modules\_@eggjs_router@2.0.0@@eggjs\router\lib\egg_router.js:322:18)
    at dispatch (D:\document\desktop\随身的笔记本\myegg\myegg\node_modules\_koa-compose@3.2.1@koa-compose\index.js:44:32)
    at next (D:\document\desktop\随身的笔记本\myegg\myegg\node_modules\_koa-compose@3.2.1@koa-compose\index.js:45:18)
    at D:\document\desktop\随身的笔记本\myegg\myegg\node_modules\_@eggjs_router@2.0.0@@eggjs\router\lib\router.js:190:18

pid: 12400
hostname: Quantum

2019-05-04 00:05:00,649 ERROR 15952 [-/127.0.0.1/-/5ms GET /getWeibo?title=12323] nodejs.TypeError: Cannot read property 'query' of undefined
    at getWeibo.outputWeibo (D:\document\desktop\随身的笔记本\myegg\myegg\app\service\getWeibo.js:43:31)
    at getWeibo.init (D:\document\desktop\随身的笔记本\myegg\myegg\app\service\getWeibo.js:49:27)
    at getWeibo.index (D:\document\desktop\随身的笔记本\myegg\myegg\app\controller\getWeibo.js:8:54)
    at Object.callFn (D:\document\desktop\随身的笔记本\myegg\myegg\node_modules\_egg-core@4.17.0@egg-core\lib\utils\index.js:44:21)
    at Object.classControllerMiddleware (D:\document\desktop\随身的笔记本\myegg\myegg\node_modules\_egg-core@4.17.0@egg-core\lib\loader\mixin\controller.js:87:20)
    at Object.callFn (D:\document\desktop\随身的笔记本\myegg\myegg\node_modules\_@eggjs_router@2.0.0@@eggjs\router\lib\utils.js:12:21)
    at wrappedController (D:\document\desktop\随身的笔记本\myegg\myegg\node_modules\_@eggjs_router@2.0.0@@eggjs\router\lib\egg_router.js:322:18)
    at dispatch (D:\document\desktop\随身的笔记本\myegg\myegg\node_modules\_koa-compose@3.2.1@koa-compose\index.js:44:32)
    at next (D:\document\desktop\随身的笔记本\myegg\myegg\node_modules\_koa-compose@3.2.1@koa-compose\index.js:45:18)
    at D:\document\desktop\随身的笔记本\myegg\myegg\node_modules\_@eggjs_router@2.0.0@@eggjs\router\lib\router.js:190:18

pid: 15952
hostname: Quantum

2019-05-04 00:05:55,795 ERROR 5156 [-/127.0.0.1/-/4ms GET /getWeibo?title=12323] nodejs.TypeError: Cannot read property 'query' of undefined
    at getWeibo.outputWeibo (D:\document\desktop\随身的笔记本\myegg\myegg\app\service\getWeibo.js:43:31)
    at getWeibo.init (D:\document\desktop\随身的笔记本\myegg\myegg\app\service\getWeibo.js:49:27)
    at getWeibo.index (D:\document\desktop\随身的笔记本\myegg\myegg\app\controller\getWeibo.js:8:54)
    at Object.callFn (D:\document\desktop\随身的笔记本\myegg\myegg\node_modules\_egg-core@4.17.0@egg-core\lib\utils\index.js:44:21)
    at Object.classControllerMiddleware (D:\document\desktop\随身的笔记本\myegg\myegg\node_modules\_egg-core@4.17.0@egg-core\lib\loader\mixin\controller.js:87:20)
    at Object.callFn (D:\document\desktop\随身的笔记本\myegg\myegg\node_modules\_@eggjs_router@2.0.0@@eggjs\router\lib\utils.js:12:21)
    at wrappedController (D:\document\desktop\随身的笔记本\myegg\myegg\node_modules\_@eggjs_router@2.0.0@@eggjs\router\lib\egg_router.js:322:18)
    at dispatch (D:\document\desktop\随身的笔记本\myegg\myegg\node_modules\_koa-compose@3.2.1@koa-compose\index.js:44:32)
    at next (D:\document\desktop\随身的笔记本\myegg\myegg\node_modules\_koa-compose@3.2.1@koa-compose\index.js:45:18)
    at D:\document\desktop\随身的笔记本\myegg\myegg\node_modules\_@eggjs_router@2.0.0@@eggjs\router\lib\router.js:190:18

pid: 5156
hostname: Quantum

2019-05-04 00:06:15,450 ERROR 2304 [-/127.0.0.1/-/5ms GET /getWeibo?title=12323] nodejs.TypeError: Cannot read property 'query' of undefined
    at getWeibo.outputWeibo (D:\document\desktop\随身的笔记本\myegg\myegg\app\service\getWeibo.js:43:31)
    at getWeibo.init (D:\document\desktop\随身的笔记本\myegg\myegg\app\service\getWeibo.js:49:27)
    at getWeibo.index (D:\document\desktop\随身的笔记本\myegg\myegg\app\controller\getWeibo.js:8:54)
    at Object.callFn (D:\document\desktop\随身的笔记本\myegg\myegg\node_modules\_egg-core@4.17.0@egg-core\lib\utils\index.js:44:21)
    at Object.classControllerMiddleware (D:\document\desktop\随身的笔记本\myegg\myegg\node_modules\_egg-core@4.17.0@egg-core\lib\loader\mixin\controller.js:87:20)
    at Object.callFn (D:\document\desktop\随身的笔记本\myegg\myegg\node_modules\_@eggjs_router@2.0.0@@eggjs\router\lib\utils.js:12:21)
    at wrappedController (D:\document\desktop\随身的笔记本\myegg\myegg\node_modules\_@eggjs_router@2.0.0@@eggjs\router\lib\egg_router.js:322:18)
    at dispatch (D:\document\desktop\随身的笔记本\myegg\myegg\node_modules\_koa-compose@3.2.1@koa-compose\index.js:44:32)
    at next (D:\document\desktop\随身的笔记本\myegg\myegg\node_modules\_koa-compose@3.2.1@koa-compose\index.js:45:18)
    at D:\document\desktop\随身的笔记本\myegg\myegg\node_modules\_@eggjs_router@2.0.0@@eggjs\router\lib\router.js:190:18

pid: 2304
hostname: Quantum

2019-05-04 00:07:24,138 ERROR 17688 [-/127.0.0.1/-/4ms GET /getWeibo?title=12323] nodejs.TypeError: Cannot read property 'query' of undefined
    at getWeibo.outputWeibo (D:\document\desktop\随身的笔记本\myegg\myegg\app\service\getWeibo.js:43:37)
    at getWeibo.init (D:\document\desktop\随身的笔记本\myegg\myegg\app\service\getWeibo.js:49:27)
    at getWeibo.index (D:\document\desktop\随身的笔记本\myegg\myegg\app\controller\getWeibo.js:8:54)
    at Object.callFn (D:\document\desktop\随身的笔记本\myegg\myegg\node_modules\_egg-core@4.17.0@egg-core\lib\utils\index.js:44:21)
    at Object.classControllerMiddleware (D:\document\desktop\随身的笔记本\myegg\myegg\node_modules\_egg-core@4.17.0@egg-core\lib\loader\mixin\controller.js:87:20)
    at Object.callFn (D:\document\desktop\随身的笔记本\myegg\myegg\node_modules\_@eggjs_router@2.0.0@@eggjs\router\lib\utils.js:12:21)
    at wrappedController (D:\document\desktop\随身的笔记本\myegg\myegg\node_modules\_@eggjs_router@2.0.0@@eggjs\router\lib\egg_router.js:322:18)
    at dispatch (D:\document\desktop\随身的笔记本\myegg\myegg\node_modules\_koa-compose@3.2.1@koa-compose\index.js:44:32)
    at next (D:\document\desktop\随身的笔记本\myegg\myegg\node_modules\_koa-compose@3.2.1@koa-compose\index.js:45:18)
    at D:\document\desktop\随身的笔记本\myegg\myegg\node_modules\_@eggjs_router@2.0.0@@eggjs\router\lib\router.js:190:18

pid: 17688
hostname: Quantum

2019-05-04 00:09:46,445 ERROR 15580 [-/127.0.0.1/-/4ms GET /getWeibo?title=12323] nodejs.ReferenceError: ctx is not defined
    at getWeibo.outputWeibo (D:\document\desktop\随身的笔记本\myegg\myegg\app\service\getWeibo.js:43:21)
    at getWeibo.init (D:\document\desktop\随身的笔记本\myegg\myegg\app\service\getWeibo.js:49:27)
    at getWeibo.index (D:\document\desktop\随身的笔记本\myegg\myegg\app\controller\getWeibo.js:8:54)
    at Object.callFn (D:\document\desktop\随身的笔记本\myegg\myegg\node_modules\_egg-core@4.17.0@egg-core\lib\utils\index.js:44:21)
    at Object.classControllerMiddleware (D:\document\desktop\随身的笔记本\myegg\myegg\node_modules\_egg-core@4.17.0@egg-core\lib\loader\mixin\controller.js:87:20)
    at Object.callFn (D:\document\desktop\随身的笔记本\myegg\myegg\node_modules\_@eggjs_router@2.0.0@@eggjs\router\lib\utils.js:12:21)
    at wrappedController (D:\document\desktop\随身的笔记本\myegg\myegg\node_modules\_@eggjs_router@2.0.0@@eggjs\router\lib\egg_router.js:322:18)
    at dispatch (D:\document\desktop\随身的笔记本\myegg\myegg\node_modules\_koa-compose@3.2.1@koa-compose\index.js:44:32)
    at next (D:\document\desktop\随身的笔记本\myegg\myegg\node_modules\_koa-compose@3.2.1@koa-compose\index.js:45:18)
    at D:\document\desktop\随身的笔记本\myegg\myegg\node_modules\_@eggjs_router@2.0.0@@eggjs\router\lib\router.js:190:18

pid: 15580
hostname: Quantum

2019-05-04 00:17:29,216 ERROR 5464 [-/127.0.0.1/-/5ms GET /getWeibo] nodejs.SyntaxError: Identifier 'query' has already been declared
    at getWeibo.init (D:\document\desktop\随身的笔记本\myegg\myegg\app\service\getWeibo.js:50:27)
    at getWeibo.index (D:\document\desktop\随身的笔记本\myegg\myegg\app\controller\getWeibo.js:8:54)
    at Object.callFn (D:\document\desktop\随身的笔记本\myegg\myegg\node_modules\_egg-core@4.17.0@egg-core\lib\utils\index.js:44:21)
    at Object.classControllerMiddleware (D:\document\desktop\随身的笔记本\myegg\myegg\node_modules\_egg-core@4.17.0@egg-core\lib\loader\mixin\controller.js:87:20)
    at Object.callFn (D:\document\desktop\随身的笔记本\myegg\myegg\node_modules\_@eggjs_router@2.0.0@@eggjs\router\lib\utils.js:12:21)
    at wrappedController (D:\document\desktop\随身的笔记本\myegg\myegg\node_modules\_@eggjs_router@2.0.0@@eggjs\router\lib\egg_router.js:322:18)
    at dispatch (D:\document\desktop\随身的笔记本\myegg\myegg\node_modules\_koa-compose@3.2.1@koa-compose\index.js:44:32)
    at next (D:\document\desktop\随身的笔记本\myegg\myegg\node_modules\_koa-compose@3.2.1@koa-compose\index.js:45:18)
    at D:\document\desktop\随身的笔记本\myegg\myegg\node_modules\_@eggjs_router@2.0.0@@eggjs\router\lib\router.js:190:18
    at dispatch (D:\document\desktop\随身的笔记本\myegg\myegg\node_modules\_koa-compose@3.2.1@koa-compose\index.js:44:32)

pid: 5464
hostname: Quantum

2019-05-04 00:18:54,210 ERROR 15472 [-/127.0.0.1/-/4ms GET /getWeibo] nodejs.SyntaxError: Identifier 'query' has already been declared
    at getWeibo.init (D:\document\desktop\随身的笔记本\myegg\myegg\app\service\getWeibo.js:55:27)
    at getWeibo.index (D:\document\desktop\随身的笔记本\myegg\myegg\app\controller\getWeibo.js:8:54)
    at Object.callFn (D:\document\desktop\随身的笔记本\myegg\myegg\node_modules\_egg-core@4.17.0@egg-core\lib\utils\index.js:44:21)
    at Object.classControllerMiddleware (D:\document\desktop\随身的笔记本\myegg\myegg\node_modules\_egg-core@4.17.0@egg-core\lib\loader\mixin\controller.js:87:20)
    at Object.callFn (D:\document\desktop\随身的笔记本\myegg\myegg\node_modules\_@eggjs_router@2.0.0@@eggjs\router\lib\utils.js:12:21)
    at wrappedController (D:\document\desktop\随身的笔记本\myegg\myegg\node_modules\_@eggjs_router@2.0.0@@eggjs\router\lib\egg_router.js:322:18)
    at dispatch (D:\document\desktop\随身的笔记本\myegg\myegg\node_modules\_koa-compose@3.2.1@koa-compose\index.js:44:32)
    at next (D:\document\desktop\随身的笔记本\myegg\myegg\node_modules\_koa-compose@3.2.1@koa-compose\index.js:45:18)
    at D:\document\desktop\随身的笔记本\myegg\myegg\node_modules\_@eggjs_router@2.0.0@@eggjs\router\lib\router.js:190:18
    at dispatch (D:\document\desktop\随身的笔记本\myegg\myegg\node_modules\_koa-compose@3.2.1@koa-compose\index.js:44:32)

pid: 15472
hostname: Quantum

2019-05-04 00:18:54,893 ERROR 15472 [-/127.0.0.1/-/0ms GET /getWeibo] nodejs.SyntaxError: Identifier 'query' has already been declared
    at getWeibo.init (D:\document\desktop\随身的笔记本\myegg\myegg\app\service\getWeibo.js:55:27)
    at getWeibo.index (D:\document\desktop\随身的笔记本\myegg\myegg\app\controller\getWeibo.js:8:54)
    at Object.callFn (D:\document\desktop\随身的笔记本\myegg\myegg\node_modules\_egg-core@4.17.0@egg-core\lib\utils\index.js:44:21)
    at Object.classControllerMiddleware (D:\document\desktop\随身的笔记本\myegg\myegg\node_modules\_egg-core@4.17.0@egg-core\lib\loader\mixin\controller.js:87:20)
    at Object.callFn (D:\document\desktop\随身的笔记本\myegg\myegg\node_modules\_@eggjs_router@2.0.0@@eggjs\router\lib\utils.js:12:21)
    at wrappedController (D:\document\desktop\随身的笔记本\myegg\myegg\node_modules\_@eggjs_router@2.0.0@@eggjs\router\lib\egg_router.js:322:18)
    at dispatch (D:\document\desktop\随身的笔记本\myegg\myegg\node_modules\_koa-compose@3.2.1@koa-compose\index.js:44:32)
    at next (D:\document\desktop\随身的笔记本\myegg\myegg\node_modules\_koa-compose@3.2.1@koa-compose\index.js:45:18)
    at D:\document\desktop\随身的笔记本\myegg\myegg\node_modules\_@eggjs_router@2.0.0@@eggjs\router\lib\router.js:190:18
    at dispatch (D:\document\desktop\随身的笔记本\myegg\myegg\node_modules\_koa-compose@3.2.1@koa-compose\index.js:44:32)

pid: 15472
hostname: Quantum

2019-05-04 00:19:14,960 ERROR 16952 [-/127.0.0.1/-/4ms GET /getWeibo] nodejs.SyntaxError: Identifier 'query' has already been declared
    at getWeibo.init (D:\document\desktop\随身的笔记本\myegg\myegg\app\service\getWeibo.js:55:27)
    at getWeibo.index (D:\document\desktop\随身的笔记本\myegg\myegg\app\controller\getWeibo.js:8:54)
    at Object.callFn (D:\document\desktop\随身的笔记本\myegg\myegg\node_modules\_egg-core@4.17.0@egg-core\lib\utils\index.js:44:21)
    at Object.classControllerMiddleware (D:\document\desktop\随身的笔记本\myegg\myegg\node_modules\_egg-core@4.17.0@egg-core\lib\loader\mixin\controller.js:87:20)
    at Object.callFn (D:\document\desktop\随身的笔记本\myegg\myegg\node_modules\_@eggjs_router@2.0.0@@eggjs\router\lib\utils.js:12:21)
    at wrappedController (D:\document\desktop\随身的笔记本\myegg\myegg\node_modules\_@eggjs_router@2.0.0@@eggjs\router\lib\egg_router.js:322:18)
    at dispatch (D:\document\desktop\随身的笔记本\myegg\myegg\node_modules\_koa-compose@3.2.1@koa-compose\index.js:44:32)
    at next (D:\document\desktop\随身的笔记本\myegg\myegg\node_modules\_koa-compose@3.2.1@koa-compose\index.js:45:18)
    at D:\document\desktop\随身的笔记本\myegg\myegg\node_modules\_@eggjs_router@2.0.0@@eggjs\router\lib\router.js:190:18
    at dispatch (D:\document\desktop\随身的笔记本\myegg\myegg\node_modules\_koa-compose@3.2.1@koa-compose\index.js:44:32)

pid: 16952
hostname: Quantum

2019-05-04 00:32:59,763 ERROR 14772 [-/127.0.0.1/-/133ms GET /getWeibo] nodejs.ER_BAD_FIELD_ERRORError: ER_BAD_FIELD_ERROR: Unknown column 'author' in 'field list'
    at Query.Sequence._packetToError (D:\document\desktop\随身的笔记本\myegg\myegg\node_modules\_mysql@2.17.1@mysql\lib\protocol\sequences\Sequence.js:47:14)
    at Query.ErrorPacket (D:\document\desktop\随身的笔记本\myegg\myegg\node_modules\_mysql@2.17.1@mysql\lib\protocol\sequences\Query.js:77:18)
    at Protocol._parsePacket (D:\document\desktop\随身的笔记本\myegg\myegg\node_modules\_mysql@2.17.1@mysql\lib\protocol\Protocol.js:291:23)
    at Parser._parsePacket (D:\document\desktop\随身的笔记本\myegg\myegg\node_modules\_mysql@2.17.1@mysql\lib\protocol\Parser.js:433:10)
    at Parser.write (D:\document\desktop\随身的笔记本\myegg\myegg\node_modules\_mysql@2.17.1@mysql\lib\protocol\Parser.js:43:10)
    at Protocol.write (D:\document\desktop\随身的笔记本\myegg\myegg\node_modules\_mysql@2.17.1@mysql\lib\protocol\Protocol.js:38:16)
    at Socket.<anonymous> (D:\document\desktop\随身的笔记本\myegg\myegg\node_modules\_mysql@2.17.1@mysql\lib\Connection.js:91:28)
    at Socket.<anonymous> (D:\document\desktop\随身的笔记本\myegg\myegg\node_modules\_mysql@2.17.1@mysql\lib\Connection.js:525:10)
    at Socket.emit (events.js:189:13)
    at addChunk (_stream_readable.js:284:12)
    --------------------
    at Pool.query (D:\document\desktop\随身的笔记本\myegg\myegg\node_modules\_mysql@2.17.1@mysql\lib\Pool.js:199:23)
    at D:\document\desktop\随身的笔记本\myegg\myegg\node_modules\_pify@2.3.0@pify\index.js:29:7
    at new Promise (<anonymous>)
    at Pool.<anonymous> (D:\document\desktop\随身的笔记本\myegg\myegg\node_modules\_pify@2.3.0@pify\index.js:12:10)
    at Pool.ret [as query] (D:\document\desktop\随身的笔记本\myegg\myegg\node_modules\_pify@2.3.0@pify\index.js:56:34)
    at RDSClient.proto._query (D:\document\desktop\随身的笔记本\myegg\myegg\node_modules\_ali-rds@3.3.0@ali-rds\lib\client.js:34:20)
    at RDSClient.proto.query (D:\document\desktop\随身的笔记本\myegg\myegg\node_modules\_ali-rds@3.3.0@ali-rds\lib\operator.js:54:29)
    at proto.query.next (<anonymous>)
    at onFulfilled (D:\document\desktop\随身的笔记本\myegg\myegg\node_modules\_co@4.6.0@co\index.js:65:19)
    at D:\document\desktop\随身的笔记本\myegg\myegg\node_modules\_co@4.6.0@co\index.js:54:5
    sql: SELECT `author`, `title` FROM `w_top` WHERE `time` IN ('[object Object]') ORDER BY `rank`
code: "ER_BAD_FIELD_ERROR"
errno: 1054
sqlMessage: "Unknown column 'author' in 'field list'"
sqlState: "42S22"
index: 0
sql: "SELECT `author`, `title` FROM `w_top` WHERE `time` IN ('[object Object]') ORDER BY `rank`"
name: "ER_BAD_FIELD_ERRORError"
pid: 14772
hostname: Quantum

2019-05-04 00:33:12,909 ERROR 15496 [-/127.0.0.1/-/127ms GET /getWeibo] nodejs.ER_BAD_FIELD_ERRORError: ER_BAD_FIELD_ERROR: Unknown column 'author' in 'field list'
    at Query.Sequence._packetToError (D:\document\desktop\随身的笔记本\myegg\myegg\node_modules\_mysql@2.17.1@mysql\lib\protocol\sequences\Sequence.js:47:14)
    at Query.ErrorPacket (D:\document\desktop\随身的笔记本\myegg\myegg\node_modules\_mysql@2.17.1@mysql\lib\protocol\sequences\Query.js:77:18)
    at Protocol._parsePacket (D:\document\desktop\随身的笔记本\myegg\myegg\node_modules\_mysql@2.17.1@mysql\lib\protocol\Protocol.js:291:23)
    at Parser._parsePacket (D:\document\desktop\随身的笔记本\myegg\myegg\node_modules\_mysql@2.17.1@mysql\lib\protocol\Parser.js:433:10)
    at Parser.write (D:\document\desktop\随身的笔记本\myegg\myegg\node_modules\_mysql@2.17.1@mysql\lib\protocol\Parser.js:43:10)
    at Protocol.write (D:\document\desktop\随身的笔记本\myegg\myegg\node_modules\_mysql@2.17.1@mysql\lib\protocol\Protocol.js:38:16)
    at Socket.<anonymous> (D:\document\desktop\随身的笔记本\myegg\myegg\node_modules\_mysql@2.17.1@mysql\lib\Connection.js:91:28)
    at Socket.<anonymous> (D:\document\desktop\随身的笔记本\myegg\myegg\node_modules\_mysql@2.17.1@mysql\lib\Connection.js:525:10)
    at Socket.emit (events.js:189:13)
    at addChunk (_stream_readable.js:284:12)
    --------------------
    at Pool.query (D:\document\desktop\随身的笔记本\myegg\myegg\node_modules\_mysql@2.17.1@mysql\lib\Pool.js:199:23)
    at D:\document\desktop\随身的笔记本\myegg\myegg\node_modules\_pify@2.3.0@pify\index.js:29:7
    at new Promise (<anonymous>)
    at Pool.<anonymous> (D:\document\desktop\随身的笔记本\myegg\myegg\node_modules\_pify@2.3.0@pify\index.js:12:10)
    at Pool.ret [as query] (D:\document\desktop\随身的笔记本\myegg\myegg\node_modules\_pify@2.3.0@pify\index.js:56:34)
    at RDSClient.proto._query (D:\document\desktop\随身的笔记本\myegg\myegg\node_modules\_ali-rds@3.3.0@ali-rds\lib\client.js:34:20)
    at RDSClient.proto.query (D:\document\desktop\随身的笔记本\myegg\myegg\node_modules\_ali-rds@3.3.0@ali-rds\lib\operator.js:54:29)
    at proto.query.next (<anonymous>)
    at onFulfilled (D:\document\desktop\随身的笔记本\myegg\myegg\node_modules\_co@4.6.0@co\index.js:65:19)
    at D:\document\desktop\随身的笔记本\myegg\myegg\node_modules\_co@4.6.0@co\index.js:54:5
    sql: SELECT `author`, `title` FROM `w_top` WHERE `time` IN ('[object Object]') ORDER BY `rank`
code: "ER_BAD_FIELD_ERROR"
errno: 1054
sqlMessage: "Unknown column 'author' in 'field list'"
sqlState: "42S22"
index: 0
sql: "SELECT `author`, `title` FROM `w_top` WHERE `time` IN ('[object Object]') ORDER BY `rank`"
name: "ER_BAD_FIELD_ERRORError"
pid: 15496
hostname: Quantum

2019-05-04 00:33:23,423 ERROR 18712 [-/127.0.0.1/-/73ms GET /getWeibo] nodejs.ER_BAD_FIELD_ERRORError: ER_BAD_FIELD_ERROR: Unknown column 'author' in 'field list'
    at Query.Sequence._packetToError (D:\document\desktop\随身的笔记本\myegg\myegg\node_modules\_mysql@2.17.1@mysql\lib\protocol\sequences\Sequence.js:47:14)
    at Query.ErrorPacket (D:\document\desktop\随身的笔记本\myegg\myegg\node_modules\_mysql@2.17.1@mysql\lib\protocol\sequences\Query.js:77:18)
    at Protocol._parsePacket (D:\document\desktop\随身的笔记本\myegg\myegg\node_modules\_mysql@2.17.1@mysql\lib\protocol\Protocol.js:291:23)
    at Parser._parsePacket (D:\document\desktop\随身的笔记本\myegg\myegg\node_modules\_mysql@2.17.1@mysql\lib\protocol\Parser.js:433:10)
    at Parser.write (D:\document\desktop\随身的笔记本\myegg\myegg\node_modules\_mysql@2.17.1@mysql\lib\protocol\Parser.js:43:10)
    at Protocol.write (D:\document\desktop\随身的笔记本\myegg\myegg\node_modules\_mysql@2.17.1@mysql\lib\protocol\Protocol.js:38:16)
    at Socket.<anonymous> (D:\document\desktop\随身的笔记本\myegg\myegg\node_modules\_mysql@2.17.1@mysql\lib\Connection.js:91:28)
    at Socket.<anonymous> (D:\document\desktop\随身的笔记本\myegg\myegg\node_modules\_mysql@2.17.1@mysql\lib\Connection.js:525:10)
    at Socket.emit (events.js:189:13)
    at addChunk (_stream_readable.js:284:12)
    --------------------
    at Pool.query (D:\document\desktop\随身的笔记本\myegg\myegg\node_modules\_mysql@2.17.1@mysql\lib\Pool.js:199:23)
    at D:\document\desktop\随身的笔记本\myegg\myegg\node_modules\_pify@2.3.0@pify\index.js:29:7
    at new Promise (<anonymous>)
    at Pool.<anonymous> (D:\document\desktop\随身的笔记本\myegg\myegg\node_modules\_pify@2.3.0@pify\index.js:12:10)
    at Pool.ret [as query] (D:\document\desktop\随身的笔记本\myegg\myegg\node_modules\_pify@2.3.0@pify\index.js:56:34)
    at RDSClient.proto._query (D:\document\desktop\随身的笔记本\myegg\myegg\node_modules\_ali-rds@3.3.0@ali-rds\lib\client.js:34:20)
    at RDSClient.proto.query (D:\document\desktop\随身的笔记本\myegg\myegg\node_modules\_ali-rds@3.3.0@ali-rds\lib\operator.js:54:29)
    at proto.query.next (<anonymous>)
    at onFulfilled (D:\document\desktop\随身的笔记本\myegg\myegg\node_modules\_co@4.6.0@co\index.js:65:19)
    at D:\document\desktop\随身的笔记本\myegg\myegg\node_modules\_co@4.6.0@co\index.js:54:5
    sql: SELECT `author`, `title` FROM `w_top` ORDER BY `rank`
code: "ER_BAD_FIELD_ERROR"
errno: 1054
sqlMessage: "Unknown column 'author' in 'field list'"
sqlState: "42S22"
index: 0
sql: "SELECT `author`, `title` FROM `w_top` ORDER BY `rank`"
name: "ER_BAD_FIELD_ERRORError"
pid: 18712
hostname: Quantum

2019-05-04 00:47:27,272 ERROR 14252 [-/127.0.0.1/-/6ms GET /getWeibo?title=%E9%9D%92%E6%98%A5%E8%BF%BD%E6%A2%A6] nodejs.ReferenceError: title is not defined
    at getWeibo.outputWeibo (D:\document\desktop\随身的笔记本\myegg\myegg\app\service\getWeibo.js:44:71)
    at getWeibo.init (D:\document\desktop\随身的笔记本\myegg\myegg\app\service\getWeibo.js:52:27)
    at getWeibo.index (D:\document\desktop\随身的笔记本\myegg\myegg\app\controller\getWeibo.js:8:54)
    at Object.callFn (D:\document\desktop\随身的笔记本\myegg\myegg\node_modules\_egg-core@4.17.0@egg-core\lib\utils\index.js:44:21)
    at Object.classControllerMiddleware (D:\document\desktop\随身的笔记本\myegg\myegg\node_modules\_egg-core@4.17.0@egg-core\lib\loader\mixin\controller.js:87:20)
    at Object.callFn (D:\document\desktop\随身的笔记本\myegg\myegg\node_modules\_@eggjs_router@2.0.0@@eggjs\router\lib\utils.js:12:21)
    at wrappedController (D:\document\desktop\随身的笔记本\myegg\myegg\node_modules\_@eggjs_router@2.0.0@@eggjs\router\lib\egg_router.js:322:18)
    at dispatch (D:\document\desktop\随身的笔记本\myegg\myegg\node_modules\_koa-compose@3.2.1@koa-compose\index.js:44:32)
    at next (D:\document\desktop\随身的笔记本\myegg\myegg\node_modules\_koa-compose@3.2.1@koa-compose\index.js:45:18)
    at D:\document\desktop\随身的笔记本\myegg\myegg\node_modules\_@eggjs_router@2.0.0@@eggjs\router\lib\router.js:190:18

pid: 14252
hostname: Quantum

2019-05-04 09:41:26,297 ERROR 15308 [-/::1/-/4ms GET /getNews] nodejs.TypeError: Cannot destructure property `uniquekey` of 'undefined' or 'null'.
    at getNews.getInfoByUrl (D:\document\desktop\随身的笔记本\myegg\myegg\app\service\getNews.js:23:124)
    at getNews.init (D:\document\desktop\随身的笔记本\myegg\myegg\app\service\getNews.js:43:27)
    at getNews.index (D:\document\desktop\随身的笔记本\myegg\myegg\app\controller\getNews.js:9:53)
    at Object.callFn (D:\document\desktop\随身的笔记本\myegg\myegg\node_modules\_egg-core@4.17.0@egg-core\lib\utils\index.js:44:21)
    at Object.classControllerMiddleware (D:\document\desktop\随身的笔记本\myegg\myegg\node_modules\_egg-core@4.17.0@egg-core\lib\loader\mixin\controller.js:87:20)
    at Object.callFn (D:\document\desktop\随身的笔记本\myegg\myegg\node_modules\_@eggjs_router@2.0.0@@eggjs\router\lib\utils.js:12:21)
    at wrappedController (D:\document\desktop\随身的笔记本\myegg\myegg\node_modules\_@eggjs_router@2.0.0@@eggjs\router\lib\egg_router.js:322:18)
    at dispatch (D:\document\desktop\随身的笔记本\myegg\myegg\node_modules\_koa-compose@3.2.1@koa-compose\index.js:44:32)
    at next (D:\document\desktop\随身的笔记本\myegg\myegg\node_modules\_koa-compose@3.2.1@koa-compose\index.js:45:18)
    at D:\document\desktop\随身的笔记本\myegg\myegg\node_modules\_@eggjs_router@2.0.0@@eggjs\router\lib\router.js:190:18

pid: 15308
hostname: Quantum

2019-05-04 09:53:47,017 ERROR 13852 [-/::1/-/5ms GET /getNews] nodejs.TypeError: Cannot read property 'result' of undefined
    at getNewsByApi (D:\document\desktop\随身的笔记本\myegg\myegg\app\service\getNews.js:344:32)
    at getNews.getInfo (D:\document\desktop\随身的笔记本\myegg\myegg\app\service\getNews.js:354:30)
    at getNews.init (D:\document\desktop\随身的笔记本\myegg\myegg\app\service\getNews.js:384:27)
    at getNews.index (D:\document\desktop\随身的笔记本\myegg\myegg\app\controller\getNews.js:9:53)
    at Object.callFn (D:\document\desktop\随身的笔记本\myegg\myegg\node_modules\_egg-core@4.17.0@egg-core\lib\utils\index.js:44:21)
    at Object.classControllerMiddleware (D:\document\desktop\随身的笔记本\myegg\myegg\node_modules\_egg-core@4.17.0@egg-core\lib\loader\mixin\controller.js:87:20)
    at Object.callFn (D:\document\desktop\随身的笔记本\myegg\myegg\node_modules\_@eggjs_router@2.0.0@@eggjs\router\lib\utils.js:12:21)
    at wrappedController (D:\document\desktop\随身的笔记本\myegg\myegg\node_modules\_@eggjs_router@2.0.0@@eggjs\router\lib\egg_router.js:322:18)
    at dispatch (D:\document\desktop\随身的笔记本\myegg\myegg\node_modules\_koa-compose@3.2.1@koa-compose\index.js:44:32)
    at next (D:\document\desktop\随身的笔记本\myegg\myegg\node_modules\_koa-compose@3.2.1@koa-compose\index.js:45:18)

pid: 13852
hostname: Quantum

2019-05-04 09:54:43,469 ERROR 15732 [-/::1/-/5ms GET /getNews] nodejs.TypeError: Cannot read property 'result' of undefined
    at getNewsByApi (D:\document\desktop\随身的笔记本\myegg\myegg\app\service\getNews.js:344:32)
    at getNews.getInfo (D:\document\desktop\随身的笔记本\myegg\myegg\app\service\getNews.js:354:30)
    at getNews.init (D:\document\desktop\随身的笔记本\myegg\myegg\app\service\getNews.js:384:27)
    at getNews.index (D:\document\desktop\随身的笔记本\myegg\myegg\app\controller\getNews.js:9:53)
    at Object.callFn (D:\document\desktop\随身的笔记本\myegg\myegg\node_modules\_egg-core@4.17.0@egg-core\lib\utils\index.js:44:21)
    at Object.classControllerMiddleware (D:\document\desktop\随身的笔记本\myegg\myegg\node_modules\_egg-core@4.17.0@egg-core\lib\loader\mixin\controller.js:87:20)
    at Object.callFn (D:\document\desktop\随身的笔记本\myegg\myegg\node_modules\_@eggjs_router@2.0.0@@eggjs\router\lib\utils.js:12:21)
    at wrappedController (D:\document\desktop\随身的笔记本\myegg\myegg\node_modules\_@eggjs_router@2.0.0@@eggjs\router\lib\egg_router.js:322:18)
    at dispatch (D:\document\desktop\随身的笔记本\myegg\myegg\node_modules\_koa-compose@3.2.1@koa-compose\index.js:44:32)
    at next (D:\document\desktop\随身的笔记本\myegg\myegg\node_modules\_koa-compose@3.2.1@koa-compose\index.js:45:18)

pid: 15732
hostname: Quantum

2019-05-04 10:03:00,995 ERROR 19112 [-/::1/-/5010ms GET /getNews] nodejs.ConnectionTimeoutError: Connect timeout for 5000ms, GET http://c105e49bf75c4fa1e1bbf0126a315ab6 -2 (connected: false, keepalive socket: false, agent status: {"createSocketCount":1,"createSocketErrorCount":0,"closeSocketCount":1,"errorSocketCount":0,"timeoutSocketCount":0,"requestCount":0,"freeSockets":{},"sockets":{},"requests":{}}, socketHandledRequests: 1, socketHandledResponses: 0)
headers: {}
headers: {}
    at Timeout._onTimeout (D:\document\desktop\随身的笔记本\myegg\myegg\node_modules\_urllib@2.33.3@urllib\lib\urllib.js:855:15)
    at ontimeout (timers.js:436:11)
    at tryOnTimeout (timers.js:300:5)
    at listOnTimeout (timers.js:263:5)
    at Timer.processTimers (timers.js:223:10)
name: "ConnectionTimeoutError"
requestId: 1
data: undefined
path: "/"
status: -2
headers: {}
res: {"status":-2,"statusCode":-2,"statusMessage":null,"headers":{},"size":0,"aborted":false,"rt":5004,"keepAliveSocket":false,"requestUrls":["http://c105e49bf75c4fa1e1bbf0126a315ab6/"],"timing":null,"remoteAddress":"120.209.138.64","remotePort":"","socketHandledRequests":1,"socketHandledResponses":0}
pid: 19112
hostname: Quantum

2019-05-04 10:08:48,317 ERROR 11228 [-/::1/-/6ms GET /getNews] nodejs.ReferenceError: getContentByUrlSync is not defined
    at getNews.getInfo (D:\document\desktop\随身的笔记本\myegg\myegg\app\service\getNews.js:357:9)
    at process._tickCallback (internal/process/next_tick.js:68:7)

pid: 11228
hostname: Quantum

2019-05-04 10:08:59,003 ERROR 14124 [-/::1/-/4ms GET /getNews] nodejs.ReferenceError: getContentByUrlSync is not defined
    at getNews.getInfo (D:\document\desktop\随身的笔记本\myegg\myegg\app\service\getNews.js:357:9)
    at process._tickCallback (internal/process/next_tick.js:68:7)

pid: 14124
hostname: Quantum

2019-05-04 10:28:31,963 ERROR 9948 [-/::1/-/5ms GET /getNews] nodejs.TypeError [ERR_INVALID_ARG_TYPE]: The "string" argument must be one of type string, Buffer, or ArrayBuffer. Received type undefined
    at Function.byteLength (buffer.js:515:11)
    at respond (D:\document\desktop\随身的笔记本\myegg\myegg\node_modules\_koa@2.7.0@koa\lib\application.js:245:25)
    at handleResponse (D:\document\desktop\随身的笔记本\myegg\myegg\node_modules\_koa@2.7.0@koa\lib\application.js:149:34)
    at process._tickCallback (internal/process/next_tick.js:68:7)

pid: 9948
hostname: Quantum

2019-05-04 10:28:32,721 ERROR 9948 [-/::1/-/1ms GET /getNews] nodejs.TypeError [ERR_INVALID_ARG_TYPE]: The "string" argument must be one of type string, Buffer, or ArrayBuffer. Received type undefined
    at Function.byteLength (buffer.js:515:11)
    at respond (D:\document\desktop\随身的笔记本\myegg\myegg\node_modules\_koa@2.7.0@koa\lib\application.js:245:25)
    at handleResponse (D:\document\desktop\随身的笔记本\myegg\myegg\node_modules\_koa@2.7.0@koa\lib\application.js:149:34)
    at process._tickCallback (internal/process/next_tick.js:68:7)

pid: 9948
hostname: Quantum

2019-05-04 10:29:32,339 ERROR 19744 [-/::1/-/6ms GET /getNews] nodejs.TypeError [ERR_INVALID_ARG_TYPE]: The "string" argument must be one of type string, Buffer, or ArrayBuffer. Received type undefined
    at Function.byteLength (buffer.js:515:11)
    at respond (D:\document\desktop\随身的笔记本\myegg\myegg\node_modules\_koa@2.7.0@koa\lib\application.js:245:25)
    at handleResponse (D:\document\desktop\随身的笔记本\myegg\myegg\node_modules\_koa@2.7.0@koa\lib\application.js:149:34)
    at process._tickCallback (internal/process/next_tick.js:68:7)

pid: 19744
hostname: Quantum

2019-05-04 10:29:33,050 ERROR 19744 [-/::1/-/1ms GET /getNews] nodejs.TypeError [ERR_INVALID_ARG_TYPE]: The "string" argument must be one of type string, Buffer, or ArrayBuffer. Received type undefined
    at Function.byteLength (buffer.js:515:11)
    at respond (D:\document\desktop\随身的笔记本\myegg\myegg\node_modules\_koa@2.7.0@koa\lib\application.js:245:25)
    at handleResponse (D:\document\desktop\随身的笔记本\myegg\myegg\node_modules\_koa@2.7.0@koa\lib\application.js:149:34)
    at process._tickCallback (internal/process/next_tick.js:68:7)

pid: 19744
hostname: Quantum

2019-05-04 10:32:11,326 ERROR 4580 [-/::1/-/6ms GET /getNews] nodejs.ReferenceError: getInfoByUrl is not defined
    at Promise.all.dataArr.map (D:\document\desktop\随身的笔记本\myegg\myegg\app\service\getNews.js:368:13)
    at Array.map (<anonymous>)
    at getNews.getInfo (D:\document\desktop\随身的笔记本\myegg\myegg\app\service\getNews.js:366:49)
    at process._tickCallback (internal/process/next_tick.js:68:7)

pid: 4580
hostname: Quantum

2019-05-04 11:09:47,113 ERROR 16228 [-/::1/-/111ms GET /getNews] nodejs.TypeError: Cannot read property 'stat' of undefined
    at getNewsByApi (D:\document\desktop\随身的笔记本\myegg\myegg\app\service\getNews.js:16:20)
    at process._tickCallback (internal/process/next_tick.js:68:7)

pid: 16228
hostname: Quantum

2019-05-04 11:10:11,452 ERROR 732 [-/::1/-/129ms GET /getNews] nodejs.TypeError: Cannot read property 'stat' of undefined
    at getNewsByApi (D:\document\desktop\随身的笔记本\myegg\myegg\app\service\getNews.js:17:20)
    at process._tickCallback (internal/process/next_tick.js:68:7)

pid: 732
hostname: Quantum

2019-05-04 16:49:59,880 ERROR 19340 [-/::1/-/4ms GET /ai] nodejs.TypeError: Cannot set property 'app_id' of undefined
    at ai.getAnswer (D:\document\desktop\随身的笔记本\myegg\myegg\app\controller\ai.js:29:26)
    at ai.index (D:\document\desktop\随身的笔记本\myegg\myegg\app\controller\ai.js:43:27)
    at Object.callFn (D:\document\desktop\随身的笔记本\myegg\myegg\node_modules\_egg-core@4.17.0@egg-core\lib\utils\index.js:44:21)
    at Object.classControllerMiddleware (D:\document\desktop\随身的笔记本\myegg\myegg\node_modules\_egg-core@4.17.0@egg-core\lib\loader\mixin\controller.js:87:20)
    at Object.callFn (D:\document\desktop\随身的笔记本\myegg\myegg\node_modules\_@eggjs_router@2.0.0@@eggjs\router\lib\utils.js:12:21)
    at wrappedController (D:\document\desktop\随身的笔记本\myegg\myegg\node_modules\_@eggjs_router@2.0.0@@eggjs\router\lib\egg_router.js:322:18)
    at dispatch (D:\document\desktop\随身的笔记本\myegg\myegg\node_modules\_koa-compose@3.2.1@koa-compose\index.js:44:32)
    at next (D:\document\desktop\随身的笔记本\myegg\myegg\node_modules\_koa-compose@3.2.1@koa-compose\index.js:45:18)
    at D:\document\desktop\随身的笔记本\myegg\myegg\node_modules\_@eggjs_router@2.0.0@@eggjs\router\lib\router.js:190:18
    at dispatch (D:\document\desktop\随身的笔记本\myegg\myegg\node_modules\_koa-compose@3.2.1@koa-compose\index.js:44:32)

pid: 19340
hostname: Quantum

2019-05-04 16:50:27,084 ERROR 2036 [-/::1/-/4ms GET /ai] nodejs.TypeError: Cannot set property 'app_id' of undefined
    at ai.getAnswer (D:\document\desktop\随身的笔记本\myegg\myegg\app\controller\ai.js:29:21)
    at ai.index (D:\document\desktop\随身的笔记本\myegg\myegg\app\controller\ai.js:43:27)
    at Object.callFn (D:\document\desktop\随身的笔记本\myegg\myegg\node_modules\_egg-core@4.17.0@egg-core\lib\utils\index.js:44:21)
    at Object.classControllerMiddleware (D:\document\desktop\随身的笔记本\myegg\myegg\node_modules\_egg-core@4.17.0@egg-core\lib\loader\mixin\controller.js:87:20)
    at Object.callFn (D:\document\desktop\随身的笔记本\myegg\myegg\node_modules\_@eggjs_router@2.0.0@@eggjs\router\lib\utils.js:12:21)
    at wrappedController (D:\document\desktop\随身的笔记本\myegg\myegg\node_modules\_@eggjs_router@2.0.0@@eggjs\router\lib\egg_router.js:322:18)
    at dispatch (D:\document\desktop\随身的笔记本\myegg\myegg\node_modules\_koa-compose@3.2.1@koa-compose\index.js:44:32)
    at next (D:\document\desktop\随身的笔记本\myegg\myegg\node_modules\_koa-compose@3.2.1@koa-compose\index.js:45:18)
    at D:\document\desktop\随身的笔记本\myegg\myegg\node_modules\_@eggjs_router@2.0.0@@eggjs\router\lib\router.js:190:18
    at dispatch (D:\document\desktop\随身的笔记本\myegg\myegg\node_modules\_koa-compose@3.2.1@koa-compose\index.js:44:32)

pid: 2036
hostname: Quantum

2019-05-04 16:50:54,587 ERROR 20972 [-/::1/-/4ms GET /ai] nodejs.SyntaxError: Identifier 'data' has already been declared
    at ai.index (D:\document\desktop\随身的笔记本\myegg\myegg\app\controller\ai.js:44:27)
    at Object.callFn (D:\document\desktop\随身的笔记本\myegg\myegg\node_modules\_egg-core@4.17.0@egg-core\lib\utils\index.js:44:21)
    at Object.classControllerMiddleware (D:\document\desktop\随身的笔记本\myegg\myegg\node_modules\_egg-core@4.17.0@egg-core\lib\loader\mixin\controller.js:87:20)
    at Object.callFn (D:\document\desktop\随身的笔记本\myegg\myegg\node_modules\_@eggjs_router@2.0.0@@eggjs\router\lib\utils.js:12:21)
    at wrappedController (D:\document\desktop\随身的笔记本\myegg\myegg\node_modules\_@eggjs_router@2.0.0@@eggjs\router\lib\egg_router.js:322:18)
    at dispatch (D:\document\desktop\随身的笔记本\myegg\myegg\node_modules\_koa-compose@3.2.1@koa-compose\index.js:44:32)
    at next (D:\document\desktop\随身的笔记本\myegg\myegg\node_modules\_koa-compose@3.2.1@koa-compose\index.js:45:18)
    at D:\document\desktop\随身的笔记本\myegg\myegg\node_modules\_@eggjs_router@2.0.0@@eggjs\router\lib\router.js:190:18
    at dispatch (D:\document\desktop\随身的笔记本\myegg\myegg\node_modules\_koa-compose@3.2.1@koa-compose\index.js:44:32)
    at D:\document\desktop\随身的笔记本\myegg\myegg\node_modules\_koa-compose@3.2.1@koa-compose\index.js:36:12

pid: 20972
hostname: Quantum

2019-05-04 16:51:31,664 ERROR 444 [-/::1/-/4ms GET /ai] nodejs.ReferenceError: crypto is not defined
    at ai.getReqSign (D:\document\desktop\随身的笔记本\myegg\myegg\app\controller\ai.js:24:20)
    at ai.getAnswer (D:\document\desktop\随身的笔记本\myegg\myegg\app\controller\ai.js:32:26)
    at ai.index (D:\document\desktop\随身的笔记本\myegg\myegg\app\controller\ai.js:43:27)
    at Object.callFn (D:\document\desktop\随身的笔记本\myegg\myegg\node_modules\_egg-core@4.17.0@egg-core\lib\utils\index.js:44:21)
    at Object.classControllerMiddleware (D:\document\desktop\随身的笔记本\myegg\myegg\node_modules\_egg-core@4.17.0@egg-core\lib\loader\mixin\controller.js:87:20)
    at Object.callFn (D:\document\desktop\随身的笔记本\myegg\myegg\node_modules\_@eggjs_router@2.0.0@@eggjs\router\lib\utils.js:12:21)
    at wrappedController (D:\document\desktop\随身的笔记本\myegg\myegg\node_modules\_@eggjs_router@2.0.0@@eggjs\router\lib\egg_router.js:322:18)
    at dispatch (D:\document\desktop\随身的笔记本\myegg\myegg\node_modules\_koa-compose@3.2.1@koa-compose\index.js:44:32)
    at next (D:\document\desktop\随身的笔记本\myegg\myegg\node_modules\_koa-compose@3.2.1@koa-compose\index.js:45:18)
    at D:\document\desktop\随身的笔记本\myegg\myegg\node_modules\_@eggjs_router@2.0.0@@eggjs\router\lib\router.js:190:18

pid: 444
hostname: Quantum

2019-05-04 16:51:48,248 ERROR 18808 [-/::1/-/5ms GET /ai] nodejs.ReferenceError: sayHello is not defined
    at ai.getAnswer (D:\document\desktop\随身的笔记本\myegg\myegg\app\controller\ai.js:37:32)
    at ai.index (D:\document\desktop\随身的笔记本\myegg\myegg\app\controller\ai.js:44:27)
    at Object.callFn (D:\document\desktop\随身的笔记本\myegg\myegg\node_modules\_egg-core@4.17.0@egg-core\lib\utils\index.js:44:21)
    at Object.classControllerMiddleware (D:\document\desktop\随身的笔记本\myegg\myegg\node_modules\_egg-core@4.17.0@egg-core\lib\loader\mixin\controller.js:87:20)
    at Object.callFn (D:\document\desktop\随身的笔记本\myegg\myegg\node_modules\_@eggjs_router@2.0.0@@eggjs\router\lib\utils.js:12:21)
    at wrappedController (D:\document\desktop\随身的笔记本\myegg\myegg\node_modules\_@eggjs_router@2.0.0@@eggjs\router\lib\egg_router.js:322:18)
    at dispatch (D:\document\desktop\随身的笔记本\myegg\myegg\node_modules\_koa-compose@3.2.1@koa-compose\index.js:44:32)
    at next (D:\document\desktop\随身的笔记本\myegg\myegg\node_modules\_koa-compose@3.2.1@koa-compose\index.js:45:18)
    at D:\document\desktop\随身的笔记本\myegg\myegg\node_modules\_@eggjs_router@2.0.0@@eggjs\router\lib\router.js:190:18
    at dispatch (D:\document\desktop\随身的笔记本\myegg\myegg\node_modules\_koa-compose@3.2.1@koa-compose\index.js:44:32)

pid: 18808
hostname: Quantum

2019-05-11 17:58:53,828 ERROR 8836 [-/127.0.0.1/-/5ms GET /] nodejs.TypeError: Cannot read property 'ctx' of undefined
    at getAccessToken (D:\document\desktop\随身的笔记本\myegg\myegg\app\service\sendMsg.js:13:34)
    at Message.dingding (D:\document\desktop\随身的笔记本\myegg\myegg\app\service\sendMsg.js:16:22)
    at HomeController.index (D:\document\desktop\随身的笔记本\myegg\myegg\app\controller\home.js:13:44)
    at Object.callFn (D:\document\desktop\随身的笔记本\myegg\myegg\node_modules\_egg-core@4.17.0@egg-core\lib\utils\index.js:44:21)
    at Object.classControllerMiddleware (D:\document\desktop\随身的笔记本\myegg\myegg\node_modules\_egg-core@4.17.0@egg-core\lib\loader\mixin\controller.js:87:20)
    at Object.callFn (D:\document\desktop\随身的笔记本\myegg\myegg\node_modules\_@eggjs_router@2.0.0@@eggjs\router\lib\utils.js:12:21)
    at wrappedController (D:\document\desktop\随身的笔记本\myegg\myegg\node_modules\_@eggjs_router@2.0.0@@eggjs\router\lib\egg_router.js:322:18)
    at dispatch (D:\document\desktop\随身的笔记本\myegg\myegg\node_modules\_koa-compose@3.2.1@koa-compose\index.js:44:32)
    at next (D:\document\desktop\随身的笔记本\myegg\myegg\node_modules\_koa-compose@3.2.1@koa-compose\index.js:45:18)
    at D:\document\desktop\随身的笔记本\myegg\myegg\node_modules\_@eggjs_router@2.0.0@@eggjs\router\lib\router.js:190:18

pid: 8836
hostname: Quantum

2019-05-11 18:00:38,127 ERROR 7932 [-/127.0.0.1/-/4ms GET /] nodejs.TypeError: Cannot read property 'dingding' of undefined
    at HomeController.index (D:\document\desktop\随身的笔记本\myegg\myegg\app\controller\home.js:13:44)
    at Object.callFn (D:\document\desktop\随身的笔记本\myegg\myegg\node_modules\_egg-core@4.17.0@egg-core\lib\utils\index.js:44:21)
    at Object.classControllerMiddleware (D:\document\desktop\随身的笔记本\myegg\myegg\node_modules\_egg-core@4.17.0@egg-core\lib\loader\mixin\controller.js:87:20)
    at Object.callFn (D:\document\desktop\随身的笔记本\myegg\myegg\node_modules\_@eggjs_router@2.0.0@@eggjs\router\lib\utils.js:12:21)
    at wrappedController (D:\document\desktop\随身的笔记本\myegg\myegg\node_modules\_@eggjs_router@2.0.0@@eggjs\router\lib\egg_router.js:322:18)
    at dispatch (D:\document\desktop\随身的笔记本\myegg\myegg\node_modules\_koa-compose@3.2.1@koa-compose\index.js:44:32)
    at next (D:\document\desktop\随身的笔记本\myegg\myegg\node_modules\_koa-compose@3.2.1@koa-compose\index.js:45:18)
    at D:\document\desktop\随身的笔记本\myegg\myegg\node_modules\_@eggjs_router@2.0.0@@eggjs\router\lib\router.js:190:18
    at dispatch (D:\document\desktop\随身的笔记本\myegg\myegg\node_modules\_koa-compose@3.2.1@koa-compose\index.js:44:32)
    at D:\document\desktop\随身的笔记本\myegg\myegg\node_modules\_koa-compose@3.2.1@koa-compose\index.js:36:12

pid: 7932
hostname: Quantum

2019-05-11 18:01:00,029 ERROR 7932 [-/127.0.0.1/-/1ms GET /] nodejs.TypeError: Cannot read property 'dingding' of undefined
    at HomeController.index (D:\document\desktop\随身的笔记本\myegg\myegg\app\controller\home.js:13:44)
    at Object.callFn (D:\document\desktop\随身的笔记本\myegg\myegg\node_modules\_egg-core@4.17.0@egg-core\lib\utils\index.js:44:21)
    at Object.classControllerMiddleware (D:\document\desktop\随身的笔记本\myegg\myegg\node_modules\_egg-core@4.17.0@egg-core\lib\loader\mixin\controller.js:87:20)
    at Object.callFn (D:\document\desktop\随身的笔记本\myegg\myegg\node_modules\_@eggjs_router@2.0.0@@eggjs\router\lib\utils.js:12:21)
    at wrappedController (D:\document\desktop\随身的笔记本\myegg\myegg\node_modules\_@eggjs_router@2.0.0@@eggjs\router\lib\egg_router.js:322:18)
    at dispatch (D:\document\desktop\随身的笔记本\myegg\myegg\node_modules\_koa-compose@3.2.1@koa-compose\index.js:44:32)
    at next (D:\document\desktop\随身的笔记本\myegg\myegg\node_modules\_koa-compose@3.2.1@koa-compose\index.js:45:18)
    at D:\document\desktop\随身的笔记本\myegg\myegg\node_modules\_@eggjs_router@2.0.0@@eggjs\router\lib\router.js:190:18
    at dispatch (D:\document\desktop\随身的笔记本\myegg\myegg\node_modules\_koa-compose@3.2.1@koa-compose\index.js:44:32)
    at D:\document\desktop\随身的笔记本\myegg\myegg\node_modules\_koa-compose@3.2.1@koa-compose\index.js:36:12

pid: 7932
hostname: Quantum

2019-05-11 18:02:52,410 ERROR 11016 [-/127.0.0.1/-/6ms GET /] nodejs.TypeError [ERR_INVALID_ARG_TYPE]: The "string" argument must be one of type string, Buffer, or ArrayBuffer. Received type undefined
    at Function.byteLength (buffer.js:515:11)
    at respond (D:\document\desktop\随身的笔记本\myegg\myegg\node_modules\_koa@2.7.0@koa\lib\application.js:245:25)
    at handleResponse (D:\document\desktop\随身的笔记本\myegg\myegg\node_modules\_koa@2.7.0@koa\lib\application.js:149:34)
    at process._tickCallback (internal/process/next_tick.js:68:7)

pid: 11016
hostname: Quantum

2019-05-12 10:43:59,629 ERROR 9888 [-/::1/-/5ms GET /] nodejs.TypeError: Cannot read property 'getAccessToken' of undefined
    at sendText (D:\document\desktop\随身的笔记本\myegg\myegg\app\service\sendMsg.js:19:36)
    at Message.dingding (D:\document\desktop\随身的笔记本\myegg\myegg\app\service\sendMsg.js:34:22)
    at HomeController.index (D:\document\desktop\随身的笔记本\myegg\myegg\app\controller\home.js:13:44)
    at Object.callFn (D:\document\desktop\随身的笔记本\myegg\myegg\node_modules\_egg-core@4.17.0@egg-core\lib\utils\index.js:44:21)
    at Object.classControllerMiddleware (D:\document\desktop\随身的笔记本\myegg\myegg\node_modules\_egg-core@4.17.0@egg-core\lib\loader\mixin\controller.js:87:20)
    at Object.callFn (D:\document\desktop\随身的笔记本\myegg\myegg\node_modules\_@eggjs_router@2.0.0@@eggjs\router\lib\utils.js:12:21)
    at wrappedController (D:\document\desktop\随身的笔记本\myegg\myegg\node_modules\_@eggjs_router@2.0.0@@eggjs\router\lib\egg_router.js:322:18)
    at dispatch (D:\document\desktop\随身的笔记本\myegg\myegg\node_modules\_koa-compose@3.2.1@koa-compose\index.js:44:32)
    at next (D:\document\desktop\随身的笔记本\myegg\myegg\node_modules\_koa-compose@3.2.1@koa-compose\index.js:45:18)
    at D:\document\desktop\随身的笔记本\myegg\myegg\node_modules\_@eggjs_router@2.0.0@@eggjs\router\lib\router.js:190:18

pid: 9888
hostname: Quantum

2019-05-12 11:17:50,553 ERROR 6440 [-/::1/-/4ms GET /] nodejs.TypeError: Cannot read property 'getAccessToken' of undefined
    at sendText (D:\document\desktop\随身的笔记本\myegg\myegg\app\service\sendMsg.js:21:36)
    at Message.dingding (D:\document\desktop\随身的笔记本\myegg\myegg\app\service\sendMsg.js:60:22)
    at HomeController.index (D:\document\desktop\随身的笔记本\myegg\myegg\app\controller\home.js:13:44)
    at Object.callFn (D:\document\desktop\随身的笔记本\myegg\myegg\node_modules\_egg-core@4.17.0@egg-core\lib\utils\index.js:44:21)
    at Object.classControllerMiddleware (D:\document\desktop\随身的笔记本\myegg\myegg\node_modules\_egg-core@4.17.0@egg-core\lib\loader\mixin\controller.js:87:20)
    at Object.callFn (D:\document\desktop\随身的笔记本\myegg\myegg\node_modules\_@eggjs_router@2.0.0@@eggjs\router\lib\utils.js:12:21)
    at wrappedController (D:\document\desktop\随身的笔记本\myegg\myegg\node_modules\_@eggjs_router@2.0.0@@eggjs\router\lib\egg_router.js:322:18)
    at dispatch (D:\document\desktop\随身的笔记本\myegg\myegg\node_modules\_koa-compose@3.2.1@koa-compose\index.js:44:32)
    at next (D:\document\desktop\随身的笔记本\myegg\myegg\node_modules\_koa-compose@3.2.1@koa-compose\index.js:45:18)
    at D:\document\desktop\随身的笔记本\myegg\myegg\node_modules\_@eggjs_router@2.0.0@@eggjs\router\lib\router.js:190:18

pid: 6440
hostname: Quantum

2019-05-12 14:35:41,698 ERROR 10716 [-/::1/-/1ms GET /getWeibo] nodejs.ReferenceError: app is not defined
    at getWeibo.outputWeibo (D:\document\desktop\随身的笔记本\myegg\myegg\app\service\getWeibo.js:60:40)
    at getWeibo.init (D:\document\desktop\随身的笔记本\myegg\myegg\app\service\getWeibo.js:64:27)
    at getWeibo.index (D:\document\desktop\随身的笔记本\myegg\myegg\app\controller\getWeibo.js:8:54)
    at Object.callFn (D:\document\desktop\随身的笔记本\myegg\myegg\node_modules\_egg-core@4.17.0@egg-core\lib\utils\index.js:44:21)
    at Object.classControllerMiddleware (D:\document\desktop\随身的笔记本\myegg\myegg\node_modules\_egg-core@4.17.0@egg-core\lib\loader\mixin\controller.js:87:20)
    at Object.callFn (D:\document\desktop\随身的笔记本\myegg\myegg\node_modules\_@eggjs_router@2.0.0@@eggjs\router\lib\utils.js:12:21)
    at wrappedController (D:\document\desktop\随身的笔记本\myegg\myegg\node_modules\_@eggjs_router@2.0.0@@eggjs\router\lib\egg_router.js:322:18)
    at dispatch (D:\document\desktop\随身的笔记本\myegg\myegg\node_modules\_koa-compose@3.2.1@koa-compose\index.js:44:32)
    at next (D:\document\desktop\随身的笔记本\myegg\myegg\node_modules\_koa-compose@3.2.1@koa-compose\index.js:45:18)
    at D:\document\desktop\随身的笔记本\myegg\myegg\node_modules\_@eggjs_router@2.0.0@@eggjs\router\lib\router.js:190:18

pid: 10716
hostname: Quantum

2019-05-12 14:37:16,332 ERROR 836 [-/::1/-/4ms GET /getWeibo] nodejs.ReferenceError: app is not defined
    at getWeibo.outputWeibo (D:\document\desktop\随身的笔记本\myegg\myegg\app\service\getWeibo.js:60:40)
    at getWeibo.init (D:\document\desktop\随身的笔记本\myegg\myegg\app\service\getWeibo.js:64:27)
    at getWeibo.index (D:\document\desktop\随身的笔记本\myegg\myegg\app\controller\getWeibo.js:8:54)
    at Object.callFn (D:\document\desktop\随身的笔记本\myegg\myegg\node_modules\_egg-core@4.17.0@egg-core\lib\utils\index.js:44:21)
    at Object.classControllerMiddleware (D:\document\desktop\随身的笔记本\myegg\myegg\node_modules\_egg-core@4.17.0@egg-core\lib\loader\mixin\controller.js:87:20)
    at Object.callFn (D:\document\desktop\随身的笔记本\myegg\myegg\node_modules\_@eggjs_router@2.0.0@@eggjs\router\lib\utils.js:12:21)
    at wrappedController (D:\document\desktop\随身的笔记本\myegg\myegg\node_modules\_@eggjs_router@2.0.0@@eggjs\router\lib\egg_router.js:322:18)
    at dispatch (D:\document\desktop\随身的笔记本\myegg\myegg\node_modules\_koa-compose@3.2.1@koa-compose\index.js:44:32)
    at next (D:\document\desktop\随身的笔记本\myegg\myegg\node_modules\_koa-compose@3.2.1@koa-compose\index.js:45:18)
    at D:\document\desktop\随身的笔记本\myegg\myegg\node_modules\_@eggjs_router@2.0.0@@eggjs\router\lib\router.js:190:18

pid: 836
hostname: Quantum

2019-05-12 14:37:27,190 ERROR 1836 [-/::1/-/4ms GET /getWeibo] nodejs.ReferenceError: app is not defined
    at getWeibo.outputWeibo (D:\document\desktop\随身的笔记本\myegg\myegg\app\service\getWeibo.js:60:40)
    at getWeibo.init (D:\document\desktop\随身的笔记本\myegg\myegg\app\service\getWeibo.js:64:27)
    at getWeibo.index (D:\document\desktop\随身的笔记本\myegg\myegg\app\controller\getWeibo.js:8:54)
    at Object.callFn (D:\document\desktop\随身的笔记本\myegg\myegg\node_modules\_egg-core@4.17.0@egg-core\lib\utils\index.js:44:21)
    at Object.classControllerMiddleware (D:\document\desktop\随身的笔记本\myegg\myegg\node_modules\_egg-core@4.17.0@egg-core\lib\loader\mixin\controller.js:87:20)
    at Object.callFn (D:\document\desktop\随身的笔记本\myegg\myegg\node_modules\_@eggjs_router@2.0.0@@eggjs\router\lib\utils.js:12:21)
    at wrappedController (D:\document\desktop\随身的笔记本\myegg\myegg\node_modules\_@eggjs_router@2.0.0@@eggjs\router\lib\egg_router.js:322:18)
    at dispatch (D:\document\desktop\随身的笔记本\myegg\myegg\node_modules\_koa-compose@3.2.1@koa-compose\index.js:44:32)
    at next (D:\document\desktop\随身的笔记本\myegg\myegg\node_modules\_koa-compose@3.2.1@koa-compose\index.js:45:18)
    at D:\document\desktop\随身的笔记本\myegg\myegg\node_modules\_@eggjs_router@2.0.0@@eggjs\router\lib\router.js:190:18

pid: 1836
hostname: Quantum

2019-05-12 14:38:14,948 ERROR 15604 [-/::1/-/6ms GET /getWeibo] nodejs.ReferenceError: app is not defined
    at getWeibo.outputWeibo (D:\document\desktop\随身的笔记本\myegg\myegg\app\service\getWeibo.js:60:40)
    at getWeibo.init (D:\document\desktop\随身的笔记本\myegg\myegg\app\service\getWeibo.js:64:27)
    at getWeibo.index (D:\document\desktop\随身的笔记本\myegg\myegg\app\controller\getWeibo.js:8:54)
    at Object.callFn (D:\document\desktop\随身的笔记本\myegg\myegg\node_modules\_egg-core@4.17.0@egg-core\lib\utils\index.js:44:21)
    at Object.classControllerMiddleware (D:\document\desktop\随身的笔记本\myegg\myegg\node_modules\_egg-core@4.17.0@egg-core\lib\loader\mixin\controller.js:87:20)
    at Object.callFn (D:\document\desktop\随身的笔记本\myegg\myegg\node_modules\_@eggjs_router@2.0.0@@eggjs\router\lib\utils.js:12:21)
    at wrappedController (D:\document\desktop\随身的笔记本\myegg\myegg\node_modules\_@eggjs_router@2.0.0@@eggjs\router\lib\egg_router.js:322:18)
    at dispatch (D:\document\desktop\随身的笔记本\myegg\myegg\node_modules\_koa-compose@3.2.1@koa-compose\index.js:44:32)
    at next (D:\document\desktop\随身的笔记本\myegg\myegg\node_modules\_koa-compose@3.2.1@koa-compose\index.js:45:18)
    at D:\document\desktop\随身的笔记本\myegg\myegg\node_modules\_@eggjs_router@2.0.0@@eggjs\router\lib\router.js:190:18

pid: 15604
hostname: Quantum

2019-05-12 14:38:15,728 ERROR 4560 [-/::1/-/5ms GET /getWeibo] nodejs.ReferenceError: app is not defined
    at getWeibo.outputWeibo (D:\document\desktop\随身的笔记本\myegg\myegg\app\service\getWeibo.js:60:40)
    at getWeibo.index (D:\document\desktop\随身的笔记本\myegg\myegg\app\controller\getWeibo.js:8:54)
    at Object.callFn (D:\document\desktop\随身的笔记本\myegg\myegg\node_modules\_egg-core@4.17.0@egg-core\lib\utils\index.js:44:21)
    at Object.classControllerMiddleware (D:\document\desktop\随身的笔记本\myegg\myegg\node_modules\_egg-core@4.17.0@egg-core\lib\loader\mixin\controller.js:87:20)
    at Object.callFn (D:\document\desktop\随身的笔记本\myegg\myegg\node_modules\_@eggjs_router@2.0.0@@eggjs\router\lib\utils.js:12:21)
    at wrappedController (D:\document\desktop\随身的笔记本\myegg\myegg\node_modules\_@eggjs_router@2.0.0@@eggjs\router\lib\egg_router.js:322:18)
    at dispatch (D:\document\desktop\随身的笔记本\myegg\myegg\node_modules\_koa-compose@3.2.1@koa-compose\index.js:44:32)
    at next (D:\document\desktop\随身的笔记本\myegg\myegg\node_modules\_koa-compose@3.2.1@koa-compose\index.js:45:18)
    at D:\document\desktop\随身的笔记本\myegg\myegg\node_modules\_@eggjs_router@2.0.0@@eggjs\router\lib\router.js:190:18
    at dispatch (D:\document\desktop\随身的笔记本\myegg\myegg\node_modules\_koa-compose@3.2.1@koa-compose\index.js:44:32)

pid: 4560
hostname: Quantum

2019-05-12 14:40:05,041 ERROR 12700 [-/::1/-/5ms GET /getWeibo] nodejs.ReferenceError: app is not defined
    at getWeibo.outputWeibo (D:\document\desktop\随身的笔记本\myegg\myegg\app\service\getWeibo.js:60:44)
    at getWeibo.index (D:\document\desktop\随身的笔记本\myegg\myegg\app\controller\getWeibo.js:8:54)
    at Object.callFn (D:\document\desktop\随身的笔记本\myegg\myegg\node_modules\_egg-core@4.17.0@egg-core\lib\utils\index.js:44:21)
    at Object.classControllerMiddleware (D:\document\desktop\随身的笔记本\myegg\myegg\node_modules\_egg-core@4.17.0@egg-core\lib\loader\mixin\controller.js:87:20)
    at Object.callFn (D:\document\desktop\随身的笔记本\myegg\myegg\node_modules\_@eggjs_router@2.0.0@@eggjs\router\lib\utils.js:12:21)
    at wrappedController (D:\document\desktop\随身的笔记本\myegg\myegg\node_modules\_@eggjs_router@2.0.0@@eggjs\router\lib\egg_router.js:322:18)
    at dispatch (D:\document\desktop\随身的笔记本\myegg\myegg\node_modules\_koa-compose@3.2.1@koa-compose\index.js:44:32)
    at next (D:\document\desktop\随身的笔记本\myegg\myegg\node_modules\_koa-compose@3.2.1@koa-compose\index.js:45:18)
    at D:\document\desktop\随身的笔记本\myegg\myegg\node_modules\_@eggjs_router@2.0.0@@eggjs\router\lib\router.js:190:18
    at dispatch (D:\document\desktop\随身的笔记本\myegg\myegg\node_modules\_koa-compose@3.2.1@koa-compose\index.js:44:32)

pid: 12700
hostname: Quantum

2019-05-12 14:40:45,494 ERROR 12700 [-/::1/-/1ms GET /getWeibo] nodejs.ReferenceError: app is not defined
    at getWeibo.outputWeibo (D:\document\desktop\随身的笔记本\myegg\myegg\app\service\getWeibo.js:60:44)
    at getWeibo.index (D:\document\desktop\随身的笔记本\myegg\myegg\app\controller\getWeibo.js:8:54)
    at Object.callFn (D:\document\desktop\随身的笔记本\myegg\myegg\node_modules\_egg-core@4.17.0@egg-core\lib\utils\index.js:44:21)
    at Object.classControllerMiddleware (D:\document\desktop\随身的笔记本\myegg\myegg\node_modules\_egg-core@4.17.0@egg-core\lib\loader\mixin\controller.js:87:20)
    at Object.callFn (D:\document\desktop\随身的笔记本\myegg\myegg\node_modules\_@eggjs_router@2.0.0@@eggjs\router\lib\utils.js:12:21)
    at wrappedController (D:\document\desktop\随身的笔记本\myegg\myegg\node_modules\_@eggjs_router@2.0.0@@eggjs\router\lib\egg_router.js:322:18)
    at dispatch (D:\document\desktop\随身的笔记本\myegg\myegg\node_modules\_koa-compose@3.2.1@koa-compose\index.js:44:32)
    at next (D:\document\desktop\随身的笔记本\myegg\myegg\node_modules\_koa-compose@3.2.1@koa-compose\index.js:45:18)
    at D:\document\desktop\随身的笔记本\myegg\myegg\node_modules\_@eggjs_router@2.0.0@@eggjs\router\lib\router.js:190:18
    at dispatch (D:\document\desktop\随身的笔记本\myegg\myegg\node_modules\_koa-compose@3.2.1@koa-compose\index.js:44:32)

pid: 12700
hostname: Quantum

2019-05-12 14:40:58,492 ERROR 13732 [-/::1/-/4ms GET /getWeibo] nodejs.ReferenceError: app is not defined
    at getWeibo.outputWeibo (D:\document\desktop\随身的笔记本\myegg\myegg\app\service\getWeibo.js:61:28)
    at getWeibo.index (D:\document\desktop\随身的笔记本\myegg\myegg\app\controller\getWeibo.js:8:54)
    at Object.callFn (D:\document\desktop\随身的笔记本\myegg\myegg\node_modules\_egg-core@4.17.0@egg-core\lib\utils\index.js:44:21)
    at Object.classControllerMiddleware (D:\document\desktop\随身的笔记本\myegg\myegg\node_modules\_egg-core@4.17.0@egg-core\lib\loader\mixin\controller.js:87:20)
    at Object.callFn (D:\document\desktop\随身的笔记本\myegg\myegg\node_modules\_@eggjs_router@2.0.0@@eggjs\router\lib\utils.js:12:21)
    at wrappedController (D:\document\desktop\随身的笔记本\myegg\myegg\node_modules\_@eggjs_router@2.0.0@@eggjs\router\lib\egg_router.js:322:18)
    at dispatch (D:\document\desktop\随身的笔记本\myegg\myegg\node_modules\_koa-compose@3.2.1@koa-compose\index.js:44:32)
    at next (D:\document\desktop\随身的笔记本\myegg\myegg\node_modules\_koa-compose@3.2.1@koa-compose\index.js:45:18)
    at D:\document\desktop\随身的笔记本\myegg\myegg\node_modules\_@eggjs_router@2.0.0@@eggjs\router\lib\router.js:190:18
    at dispatch (D:\document\desktop\随身的笔记本\myegg\myegg\node_modules\_koa-compose@3.2.1@koa-compose\index.js:44:32)

pid: 13732
hostname: Quantum

2019-05-12 14:41:05,435 ERROR 13732 [-/::1/-/0ms GET /getWeibo] nodejs.ReferenceError: app is not defined
    at getWeibo.outputWeibo (D:\document\desktop\随身的笔记本\myegg\myegg\app\service\getWeibo.js:61:28)
    at getWeibo.index (D:\document\desktop\随身的笔记本\myegg\myegg\app\controller\getWeibo.js:8:54)
    at Object.callFn (D:\document\desktop\随身的笔记本\myegg\myegg\node_modules\_egg-core@4.17.0@egg-core\lib\utils\index.js:44:21)
    at Object.classControllerMiddleware (D:\document\desktop\随身的笔记本\myegg\myegg\node_modules\_egg-core@4.17.0@egg-core\lib\loader\mixin\controller.js:87:20)
    at Object.callFn (D:\document\desktop\随身的笔记本\myegg\myegg\node_modules\_@eggjs_router@2.0.0@@eggjs\router\lib\utils.js:12:21)
    at wrappedController (D:\document\desktop\随身的笔记本\myegg\myegg\node_modules\_@eggjs_router@2.0.0@@eggjs\router\lib\egg_router.js:322:18)
    at dispatch (D:\document\desktop\随身的笔记本\myegg\myegg\node_modules\_koa-compose@3.2.1@koa-compose\index.js:44:32)
    at next (D:\document\desktop\随身的笔记本\myegg\myegg\node_modules\_koa-compose@3.2.1@koa-compose\index.js:45:18)
    at D:\document\desktop\随身的笔记本\myegg\myegg\node_modules\_@eggjs_router@2.0.0@@eggjs\router\lib\router.js:190:18
    at dispatch (D:\document\desktop\随身的笔记本\myegg\myegg\node_modules\_koa-compose@3.2.1@koa-compose\index.js:44:32)

pid: 13732
hostname: Quantum

2019-05-12 17:44:00,235 ERROR 3792 [-/127.0.0.1/-/6ms GET /chat?q=%E4%BD%A0%E5%A5%BD%E5%95%8A] nodejs.ReferenceError: getAnswer is not defined
    at TencentAI.chat (D:\document\desktop\随身的笔记本\myegg\myegg\app\controller\ai.js:44:27)
    at Object.callFn (D:\document\desktop\随身的笔记本\myegg\myegg\node_modules\_egg-core@4.17.0@egg-core\lib\utils\index.js:44:21)
    at Object.classControllerMiddleware (D:\document\desktop\随身的笔记本\myegg\myegg\node_modules\_egg-core@4.17.0@egg-core\lib\loader\mixin\controller.js:87:20)
    at Object.callFn (D:\document\desktop\随身的笔记本\myegg\myegg\node_modules\_@eggjs_router@2.0.0@@eggjs\router\lib\utils.js:12:21)
    at wrappedController (D:\document\desktop\随身的笔记本\myegg\myegg\node_modules\_@eggjs_router@2.0.0@@eggjs\router\lib\egg_router.js:322:18)
    at dispatch (D:\document\desktop\随身的笔记本\myegg\myegg\node_modules\_koa-compose@3.2.1@koa-compose\index.js:44:32)
    at next (D:\document\desktop\随身的笔记本\myegg\myegg\node_modules\_koa-compose@3.2.1@koa-compose\index.js:45:18)
    at D:\document\desktop\随身的笔记本\myegg\myegg\node_modules\_@eggjs_router@2.0.0@@eggjs\router\lib\router.js:190:18
    at dispatch (D:\document\desktop\随身的笔记本\myegg\myegg\node_modules\_koa-compose@3.2.1@koa-compose\index.js:44:32)
    at D:\document\desktop\随身的笔记本\myegg\myegg\node_modules\_koa-compose@3.2.1@koa-compose\index.js:36:12

pid: 3792
hostname: Quantum

2019-05-12 17:45:15,945 ERROR 17196 [-/127.0.0.1/-/780ms GET /chat?q=%E4%BD%A0%E5%A5%BD%E5%95%8A] nodejs.TypeError: Converting circular structure to JSON
    at JSON.stringify (<anonymous>)
    at respond (D:\document\desktop\随身的笔记本\myegg\myegg\node_modules\_koa@2.7.0@koa\lib\application.js:243:15)
    at handleResponse (D:\document\desktop\随身的笔记本\myegg\myegg\node_modules\_koa@2.7.0@koa\lib\application.js:149:34)
    at process._tickCallback (internal/process/next_tick.js:68:7)

pid: 17196
hostname: Quantum

2019-05-12 17:45:35,131 ERROR 3076 [-/127.0.0.1/-/822ms GET /chat?q=%E4%BD%A0%E5%A5%BD%E5%95%8A] nodejs.TypeError: Converting circular structure to JSON
    at JSON.stringify (<anonymous>)
    at respond (D:\document\desktop\随身的笔记本\myegg\myegg\node_modules\_koa@2.7.0@koa\lib\application.js:243:15)
    at handleResponse (D:\document\desktop\随身的笔记本\myegg\myegg\node_modules\_koa@2.7.0@koa\lib\application.js:149:34)
    at process._tickCallback (internal/process/next_tick.js:68:7)

pid: 3076
hostname: Quantum

2019-05-12 20:15:00,959 ERROR 1060 [-/127.0.0.1/-/6ms GET /getNews] nodejs.ReferenceError: sqlQuery is not defined
    at getNews.outputNews (D:\document\desktop\随身的笔记本\myegg\myegg\app\service\getNews.js:67:22)
    at getNews.init (D:\document\desktop\随身的笔记本\myegg\myegg\app\service\getNews.js:72:27)
    at getNews.index (D:\document\desktop\随身的笔记本\myegg\myegg\app\controller\getNews.js:9:53)
    at Object.callFn (D:\document\desktop\随身的笔记本\myegg\myegg\node_modules\_egg-core@4.17.0@egg-core\lib\utils\index.js:44:21)
    at Object.classControllerMiddleware (D:\document\desktop\随身的笔记本\myegg\myegg\node_modules\_egg-core@4.17.0@egg-core\lib\loader\mixin\controller.js:87:20)
    at Object.callFn (D:\document\desktop\随身的笔记本\myegg\myegg\node_modules\_@eggjs_router@2.0.0@@eggjs\router\lib\utils.js:12:21)
    at wrappedController (D:\document\desktop\随身的笔记本\myegg\myegg\node_modules\_@eggjs_router@2.0.0@@eggjs\router\lib\egg_router.js:322:18)
    at dispatch (D:\document\desktop\随身的笔记本\myegg\myegg\node_modules\_koa-compose@3.2.1@koa-compose\index.js:44:32)
    at next (D:\document\desktop\随身的笔记本\myegg\myegg\node_modules\_koa-compose@3.2.1@koa-compose\index.js:45:18)
    at D:\document\desktop\随身的笔记本\myegg\myegg\node_modules\_@eggjs_router@2.0.0@@eggjs\router\lib\router.js:190:18

pid: 1060
hostname: Quantum

